<?xml version="1.0" encoding="UTF-8"?>
<!-- Generated by org.testng.reporters.JUnitReportReporter -->
<testsuite hostname="NB-LT-LO-217" failures="0" tests="3" name="endToEndAutomation.DataProviderExcel" time="0.006" errors="0" timestamp="2022-01-31T12:29:57 PKT" skipped="0">
  <testcase classname="endToEndAutomation.DataProviderExcel" name="addCustomer" time="0.004"/>
  <system-out/>
  <testcase classname="endToEndAutomation.DataProviderExcel" name="addCustomer" time="0.001"/>
  <system-out/>
  <testcase classname="endToEndAutomation.DataProviderExcel" name="addCustomer" time="0.001"/>
  <system-out/>
</testsuite> <!-- endToEndAutomation.DataProviderExcel -->
