<?xml version="1.0" encoding="UTF-8"?>
<!-- Generated by org.testng.reporters.JUnitReportReporter -->
<testsuite hostname="NB-LT-LO-217" failures="0" tests="1" name="endToEndAutomation.validateTitle" time="0.043" errors="0" timestamp="2022-01-31T23:05:57 PKT" skipped="0">
  <testcase classname="endToEndAutomation.validateTitle" name="titleValidation" time="0.043"/>
  <system-out/>
</testsuite> <!-- endToEndAutomation.validateTitle -->
