<?xml version="1.0" encoding="UTF-8"?>
<!-- Generated by org.testng.reporters.JUnitReportReporter -->
<testsuite hostname="NB-LT-LO-217" failures="0" tests="1" name="endToEndAutomation.App" time="0.030" errors="0" timestamp="2022-01-19T12:32:08 PKT" skipped="0">
  <testcase classname="endToEndAutomation.App" name="loadingURL" time="0.030"/>
  <system-out/>
</testsuite> <!-- endToEndAutomation.App -->
