<?xml version="1.0" encoding="UTF-8"?>
<!-- Generated by org.testng.reporters.JUnitReportReporter -->
<testsuite hostname="NB-LT-LO-217" failures="0" tests="1" name="endToEndAutomation.dbTesting" time="0.149" errors="0" timestamp="2022-01-04T22:25:54 PKT" skipped="0">
  <testcase classname="endToEndAutomation.dbTesting" name="checkingDB" time="0.149"/>
  <system-out/>
</testsuite> <!-- endToEndAutomation.dbTesting -->
