<?xml version="1.0" encoding="UTF-8"?>
<!-- Generated by org.testng.reporters.JUnitReportReporter -->
<testsuite hostname="NB-LT-LO-217" failures="0" tests="1" name="endToEndAutomation.App" time="0.158" errors="0" timestamp="2022-01-31T16:11:29 PKT" skipped="0">
  <testcase classname="endToEndAutomation.App" name="loadingURL" time="0.158"/>
  <system-out/>
</testsuite> <!-- endToEndAutomation.App -->
