<?xml version="1.0" encoding="UTF-8"?>
<!-- Generated by org.testng.reporters.JUnitReportReporter -->
<testsuite hostname="NB-LT-LO-217" failures="0" tests="4" name="cucumberOptions.TestRunner" time="20.388" errors="0" timestamp="2022-01-14T13:44:40 PKT" skipped="0">
  <testcase classname="cucumberOptions.TestRunner" name="runScenario" time="0.007"/>
  <system-out/>
  <testcase classname="cucumberOptions.TestRunner" name="runScenario" time="7.350"/>
  <system-out/>
  <testcase classname="cucumberOptions.TestRunner" name="runScenario" time="8.381"/>
  <system-out/>
  <testcase classname="cucumberOptions.TestRunner" name="runScenario" time="4.650"/>
  <system-out/>
</testsuite> <!-- cucumberOptions.TestRunner -->
