<?xml version="1.0" encoding="UTF-8"?>
<!-- Generated by org.testng.reporters.JUnitReportReporter -->
<testsuite hostname="NB-LT-LO-217" failures="0" tests="3" name="endToEndAutomation.Calender2" time="28.293" errors="0" timestamp="2022-01-27T11:42:28 PKT" skipped="0">
  <testcase classname="endToEndAutomation.Calender2" name="calendar" time="8.570"/>
  <system-out/>
  <testcase classname="endToEndAutomation.Calender2" name="getCurrentDay" time="0.002"/>
  <system-out/>
  <testcase classname="endToEndAutomation.Calender2" name="calender3" time="19.721"/>
  <system-out/>
</testsuite> <!-- endToEndAutomation.Calender2 -->
