<?xml version="1.0" encoding="UTF-8"?>
<!-- Generated by org.testng.reporters.JUnitReportReporter -->
<testsuite hostname="NB-LT-LO-217" failures="0" tests="1" name="endToEndAutomation.dropDownTestcases" time="0.173" errors="0" timestamp="2022-01-13T12:16:42 PKT" skipped="0">
  <testcase classname="endToEndAutomation.dropDownTestcases" name="loadingURL" time="0.173"/>
  <system-out/>
</testsuite> <!-- endToEndAutomation.dropDownTestcases -->
