<?xml version="1.0" encoding="UTF-8"?>
<!-- Generated by org.testng.reporters.JUnitReportReporter -->
<testsuite hostname="NB-LT-LO-217" failures="0" tests="1" name="endToEndAutomation.AutosugestiveDropdown" time="0.040" errors="0" timestamp="2022-01-18T15:22:33 PKT" skipped="0">
  <testcase classname="endToEndAutomation.AutosugestiveDropdown" name="autoDropDown" time="0.040"/>
  <system-out/>
</testsuite> <!-- endToEndAutomation.AutosugestiveDropdown -->
