<?xml version="1.0" encoding="UTF-8"?>
<!-- Generated by org.testng.reporters.JUnitReportReporter -->
<testsuite hostname="NB-LT-LO-217" failures="0" tests="1" name="endToEndAutomation.HomePage" time="10.805" errors="0" timestamp="2022-01-14T13:42:24 PKT" skipped="0">
  <testcase classname="endToEndAutomation.HomePage" name="validateUsers" time="10.805"/>
  <system-out/>
</testsuite> <!-- endToEndAutomation.HomePage -->
