<?xml version="1.0" encoding="UTF-8"?>
<!-- Generated by org.testng.reporters.JUnitReportReporter -->
<testsuite hostname="NB-LT-LO-217" failures="0" tests="1" name="endToEndAutomation.validateNavBar" time="0.002" errors="0" timestamp="2022-01-31T23:05:57 PKT" skipped="1">
  <testcase classname="endToEndAutomation.validateNavBar" name="validateBasePageNavigation" time="0.002">
    <skipped/>
  </testcase> <!-- validateBasePageNavigation -->
  <system-out/>
</testsuite> <!-- endToEndAutomation.validateNavBar -->
