<?xml version="1.0" encoding="UTF-8"?>
<!-- Generated by org.testng.reporters.JUnitReportReporter -->
<testsuite hostname="NB-LT-LO-217" failures="0" tests="1" name="endToEndAutomation.validateNavBar" time="0.047" errors="0" timestamp="2022-01-14T13:42:24 PKT" skipped="0">
  <testcase classname="endToEndAutomation.validateNavBar" name="validateBasePageNavigation" time="0.047"/>
  <system-out/>
</testsuite> <!-- endToEndAutomation.validateNavBar -->
