<?xml version="1.0" encoding="UTF-8"?>
<!-- Generated by org.testng.reporters.JUnitReportReporter -->
<testsuite hostname="NB-LT-LO-217" failures="0" tests="1" name="endToEndAutomation.HomePage" time="4.448" errors="0" timestamp="2022-01-31T16:11:29 PKT" skipped="0">
  <testcase classname="endToEndAutomation.HomePage" name="validateUsers" time="4.448"/>
  <system-out/>
</testsuite> <!-- endToEndAutomation.HomePage -->
