<?xml version="1.0" encoding="UTF-8"?>
<!-- Generated by org.testng.reporters.JUnitReportReporter -->
<testsuite hostname="NB-LT-LO-217" failures="0" tests="1" name="endToEndAutomation.validateTitle" time="0.036" errors="0" timestamp="2022-02-01T08:26:19 PKT" skipped="0">
  <testcase classname="endToEndAutomation.validateTitle" name="titleValidation" time="0.036"/>
  <system-out/>
</testsuite> <!-- endToEndAutomation.validateTitle -->
