<?xml version="1.0" encoding="UTF-8"?>
<!-- Generated by org.testng.reporters.JUnitReportReporter -->
<testsuite hostname="NB-LT-LO-217" failures="0" tests="1" name="endToEndAutomation.App" time="0.038" errors="0" timestamp="2022-02-01T08:26:19 PKT" skipped="0">
  <testcase classname="endToEndAutomation.App" name="loadingURL" time="0.038"/>
  <system-out/>
</testsuite> <!-- endToEndAutomation.App -->
