<?xml version="1.0" encoding="UTF-8"?>
<!-- Generated by org.testng.reporters.JUnitReportReporter -->
<testsuite hostname="NB-LT-LO-217" failures="0" tests="1" name="endToEndAutomation.HomePage" time="0.018" errors="0" timestamp="2022-02-01T08:26:19 PKT" skipped="1">
  <testcase classname="endToEndAutomation.HomePage" name="validateUsers" time="0.018">
    <skipped/>
  </testcase> <!-- validateUsers -->
  <system-out/>
</testsuite> <!-- endToEndAutomation.HomePage -->
